2025-03-19 03:10:52,374 - __main__ - INFO - Starting RAG pipeline with query: 'What is the impact of AI?'
2025-03-19 03:10:52,374 - __main__ - INFO - Using URL: https://en.wikipedia.org/wiki/Artificial_intelligence
2025-03-19 03:10:52,375 - __main__ - INFO - Step 1: Extracting and cleaning data from Wikipedia...
2025-03-19 03:10:52,385 - urllib3.connectionpool - DEBUG - Starting new HTTPS connection (1): en.wikipedia.org:443
2025-03-19 03:10:52,664 - urllib3.connectionpool - DEBUG - https://en.wikipedia.org:443 "GET /wiki/Artificial_intelligence HTTP/1.1" 200 227428
2025-03-19 03:10:53,361 - __main__ - INFO - Successfully extracted and cleaned 222 chunks from Wikipedia.
2025-03-19 03:10:53,362 - __main__ - INFO - Step 2: Creating embeddings for chunks using multiprocessing...
2025-03-19 03:10:53,362 - embedding_creation - INFO - Loading word embedding model: glove-wiki-gigaword-100
2025-03-19 03:10:53,639 - gensim.models.keyedvectors - INFO - loading projection weights from /Users/niloyghosh/gensim-data/glove-wiki-gigaword-100/glove-wiki-gigaword-100.gz
2025-03-19 03:10:53,639 - smart_open.smart_open_lib - DEBUG - {'uri': '/Users/niloyghosh/gensim-data/glove-wiki-gigaword-100/glove-wiki-gigaword-100.gz', 'mode': 'rb', 'buffering': -1, 'encoding': None, 'errors': None, 'newline': None, 'closefd': True, 'opener': None, 'compression': 'infer_from_extension', 'transport_params': None}
2025-03-19 03:11:12,113 - gensim.utils - DEBUG - starting a new internal lifecycle event log for KeyedVectors
2025-03-19 03:11:12,113 - gensim.utils - INFO - KeyedVectors lifecycle event {'msg': 'loaded (400000, 100) matrix of type float32 from /Users/niloyghosh/gensim-data/glove-wiki-gigaword-100/glove-wiki-gigaword-100.gz', 'binary': False, 'encoding': 'utf8', 'datetime': '2025-03-19T03:11:12.093830', 'gensim': '4.3.1', 'python': '3.11.6 (v3.11.6:8b6ee5ba3b, Oct  2 2023, 11:18:21) [Clang 13.0.0 (clang-1300.0.29.30)]', 'platform': 'macOS-15.3.2-arm64-arm-64bit', 'event': 'load_word2vec_format'}
2025-03-19 03:11:12,113 - embedding_creation - INFO - Model loaded successfully. Vector size: 100
2025-03-19 03:11:12,113 - embedding_creation - INFO - Creating embeddings using 8 processes
2025-03-19 03:11:28,215 - embedding_creation - INFO - Created embeddings for 222 chunks
2025-03-19 03:11:28,216 - __main__ - INFO - Successfully created embeddings for 222 chunks.
2025-03-19 03:11:28,216 - __main__ - INFO - Step 3: Creating embedding for the query...
2025-03-19 03:11:28,216 - embedding_creation - INFO - Creating embeddings using 1 processes
2025-03-19 03:11:29,822 - embedding_creation - INFO - Created embeddings for 1 chunks
2025-03-19 03:11:29,822 - __main__ - INFO - Successfully created embedding for the query.
2025-03-19 03:11:29,822 - __main__ - INFO - Step 4: Retrieving relevant documents using threading...
2025-03-19 03:11:29,867 - document_retrieval - INFO - Retrieved 5 documents
2025-03-19 03:11:29,867 - __main__ - INFO - Successfully retrieved 5 relevant chunks.
2025-03-19 03:11:29,867 - __main__ - INFO - Step 5: Processing the retrieved chunks asynchronously...
2025-03-19 03:11:29,888 - text_processing - INFO - Processed 5 chunks successfully
2025-03-19 03:11:29,888 - __main__ - INFO - Successfully processed 5 chunks.
2025-03-19 03:11:29,888 - __main__ - INFO - Results saved to logs/query_results_20250319_031129.txt
